
**** Build of configuration Debug for project Finalproject ****

/Applications/ti/ccs930/ccs/utils/bin/gmake -k -j 3 all -O 
 
Building file: "../main.c"
Invoking: ARM Compiler
"/Applications/ti/ccs930/ccs/tools/compiler/ti-cgt-arm_18.12.4.LTS/bin/armcl" -mv7M4 --code_state=16 --float_support=FPv4SPD16 -me --include_path="/Applications/ti/ccs930/ccs/ccs_base/arm/include" --include_path="/Applications/ti/ccs930/ccs/ccs_base/arm/include/CMSIS" --include_path="/Users/jakecarlson/Documents/GitHub/EGR226_Jake_Carlson/Finalproject" --include_path="/Applications/ti/ccs930/ccs/tools/compiler/ti-cgt-arm_18.12.4.LTS/include" --advice:power=all --define=__MSP432P401R__ --define=ccs -g --gcc --diag_warning=225 --diag_wrap=off --display_error_number --abi=eabi --preproc_with_compile --preproc_dependency="main.d_raw"  "../main.c"
"../main.c", line 260: remark #2623-D: (ULP 5.4) Detected an assignment to a type with size less than int. To avoid unnecessary sign extension, use int-sized types for local varaibles and convert to smaller types for static storage.
"../main.c", line 262: remark #1527-D: (ULP 2.1) Detected SW delay loop using empty loop. Recommend using a timer module instead
"../main.c", line 255: remark #2623-D: (ULP 5.4) Detected an assignment to a type with size less than int. To avoid unnecessary sign extension, use int-sized types for local varaibles and convert to smaller types for static storage.
"/Applications/ti/ccs930/ccs/tools/compiler/ti-cgt-arm_18.12.4.LTS/include/_defs.h", line 328 (col. 37): remark #1531-D: (ULP 5.2) Detected floating point operation(s). Recommend moving them to RAM during run time or not using as these are processing/power intensive
"/Applications/ti/ccs930/ccs/tools/compiler/ti-cgt-arm_18.12.4.LTS/include/_defs.h", line 329 (col. 10): remark #1531-D: (ULP 5.2) Detected floating point operation(s). Recommend moving them to RAM during run time or not using as these are processing/power intensive
"/Applications/ti/ccs930/ccs/tools/compiler/ti-cgt-arm_18.12.4.LTS/include/_defs.h", line 332 (col. 37): remark #1531-D: (ULP 5.2) Detected floating point operation(s). Recommend moving them to RAM during run time or not using as these are processing/power intensive
"/Applications/ti/ccs930/ccs/tools/compiler/ti-cgt-arm_18.12.4.LTS/include/_defs.h", line 333 (col. 10): remark #1531-D: (ULP 5.2) Detected floating point operation(s). Recommend moving them to RAM during run time or not using as these are processing/power intensive
"/Applications/ti/ccs930/ccs/tools/compiler/ti-cgt-arm_18.12.4.LTS/include/_defs.h", line 335 (col. 37): remark #1531-D: (ULP 5.2) Detected floating point operation(s). Recommend moving them to RAM during run time or not using as these are processing/power intensive
"/Applications/ti/ccs930/ccs/tools/compiler/ti-cgt-arm_18.12.4.LTS/include/_defs.h", line 336 (col. 10): remark #1531-D: (ULP 5.2) Detected floating point operation(s). Recommend moving them to RAM during run time or not using as these are processing/power intensive
"/Applications/ti/ccs930/ccs/tools/compiler/ti-cgt-arm_18.12.4.LTS/include/_defs.h", line 337 (col. 10): remark #1531-D: (ULP 5.2) Detected floating point operation(s). Recommend moving them to RAM during run time or not using as these are processing/power intensive
"/Applications/ti/ccs930/ccs/tools/compiler/ti-cgt-arm_18.12.4.LTS/include/_defs.h", line 341 (col. 37): remark #1531-D: (ULP 5.2) Detected floating point operation(s). Recommend moving them to RAM during run time or not using as these are processing/power intensive
"/Applications/ti/ccs930/ccs/tools/compiler/ti-cgt-arm_18.12.4.LTS/include/_defs.h", line 342 (col. 10): remark #1531-D: (ULP 5.2) Detected floating point operation(s). Recommend moving them to RAM during run time or not using as these are processing/power intensive
"/Applications/ti/ccs930/ccs/tools/compiler/ti-cgt-arm_18.12.4.LTS/include/_defs.h", line 343 (col. 10): remark #1531-D: (ULP 5.2) Detected floating point operation(s). Recommend moving them to RAM during run time or not using as these are processing/power intensive
"/Applications/ti/ccs930/ccs/tools/compiler/ti-cgt-arm_18.12.4.LTS/include/_defs.h", line 345 (col. 37): remark #1531-D: (ULP 5.2) Detected floating point operation(s). Recommend moving them to RAM during run time or not using as these are processing/power intensive
"/Applications/ti/ccs930/ccs/tools/compiler/ti-cgt-arm_18.12.4.LTS/include/_defs.h", line 346 (col. 11): remark #1531-D: (ULP 5.2) Detected floating point operation(s). Recommend moving them to RAM during run time or not using as these are processing/power intensive
"/Applications/ti/ccs930/ccs/tools/compiler/ti-cgt-arm_18.12.4.LTS/include/_defs.h", line 347 (col. 11): remark #1531-D: (ULP 5.2) Detected floating point operation(s). Recommend moving them to RAM during run time or not using as these are processing/power intensive
"/Applications/ti/ccs930/ccs/tools/compiler/ti-cgt-arm_18.12.4.LTS/include/_defs.h", line 353 (col. 37): remark #1531-D: (ULP 5.2) Detected floating point operation(s). Recommend moving them to RAM during run time or not using as these are processing/power intensive
"/Applications/ti/ccs930/ccs/tools/compiler/ti-cgt-arm_18.12.4.LTS/include/_defs.h", line 354 (col. 11): remark #1531-D: (ULP 5.2) Detected floating point operation(s). Recommend moving them to RAM during run time or not using as these are processing/power intensive
"/Applications/ti/ccs930/ccs/tools/compiler/ti-cgt-arm_18.12.4.LTS/include/_defs.h", line 355 (col. 11): remark #1531-D: (ULP 5.2) Detected floating point operation(s). Recommend moving them to RAM during run time or not using as these are processing/power intensive
"/Applications/ti/ccs930/ccs/tools/compiler/ti-cgt-arm_18.12.4.LTS/include/_defs.h", line 357 (col. 37): remark #1531-D: (ULP 5.2) Detected floating point operation(s). Recommend moving them to RAM during run time or not using as these are processing/power intensive
"/Applications/ti/ccs930/ccs/tools/compiler/ti-cgt-arm_18.12.4.LTS/include/_defs.h", line 358 (col. 10): remark #1531-D: (ULP 5.2) Detected floating point operation(s). Recommend moving them to RAM during run time or not using as these are processing/power intensive
"/Applications/ti/ccs930/ccs/tools/compiler/ti-cgt-arm_18.12.4.LTS/include/_defs.h", line 361 (col. 37): remark #1531-D: (ULP 5.2) Detected floating point operation(s). Recommend moving them to RAM during run time or not using as these are processing/power intensive
"/Applications/ti/ccs930/ccs/tools/compiler/ti-cgt-arm_18.12.4.LTS/include/_defs.h", line 362 (col. 10): remark #1531-D: (ULP 5.2) Detected floating point operation(s). Recommend moving them to RAM during run time or not using as these are processing/power intensive
"/Applications/ti/ccs930/ccs/tools/compiler/ti-cgt-arm_18.12.4.LTS/include/_defs.h", line 370 (col. 37): remark #1531-D: (ULP 5.2) Detected floating point operation(s). Recommend moving them to RAM during run time or not using as these are processing/power intensive
"/Applications/ti/ccs930/ccs/tools/compiler/ti-cgt-arm_18.12.4.LTS/include/_defs.h", line 371 (col. 10): remark #1531-D: (ULP 5.2) Detected floating point operation(s). Recommend moving them to RAM during run time or not using as these are processing/power intensive
"/Applications/ti/ccs930/ccs/tools/compiler/ti-cgt-arm_18.12.4.LTS/include/_defs.h", line 372 (col. 37): remark #1531-D: (ULP 5.2) Detected floating point operation(s). Recommend moving them to RAM during run time or not using as these are processing/power intensive
"/Applications/ti/ccs930/ccs/tools/compiler/ti-cgt-arm_18.12.4.LTS/include/_defs.h", line 373 (col. 10): remark #1531-D: (ULP 5.2) Detected floating point operation(s). Recommend moving them to RAM during run time or not using as these are processing/power intensive
"/Applications/ti/ccs930/ccs/tools/compiler/ti-cgt-arm_18.12.4.LTS/include/_defs.h", line 407 (col. 37): remark #1531-D: (ULP 5.2) Detected floating point operation(s). Recommend moving them to RAM during run time or not using as these are processing/power intensive
"/Applications/ti/ccs930/ccs/tools/compiler/ti-cgt-arm_18.12.4.LTS/include/_defs.h", line 409 (col. 9): remark #1531-D: (ULP 5.2) Detected floating point operation(s). Recommend moving them to RAM during run time or not using as these are processing/power intensive
"/Applications/ti/ccs930/ccs/tools/compiler/ti-cgt-arm_18.12.4.LTS/include/_defs.h", line 411 (col. 13): remark #1531-D: (ULP 5.2) Detected floating point operation(s). Recommend moving them to RAM during run time or not using as these are processing/power intensive
"/Applications/ti/ccs930/ccs/tools/compiler/ti-cgt-arm_18.12.4.LTS/include/_defs.h", line 415 (col. 9): remark #1531-D: (ULP 5.2) Detected floating point operation(s). Recommend moving them to RAM during run time or not using as these are processing/power intensive
"/Applications/ti/ccs930/ccs/tools/compiler/ti-cgt-arm_18.12.4.LTS/include/_defs.h", line 417 (col. 13): remark #1531-D: (ULP 5.2) Detected floating point operation(s). Recommend moving them to RAM during run time or not using as these are processing/power intensive
"/Applications/ti/ccs930/ccs/tools/compiler/ti-cgt-arm_18.12.4.LTS/include/_defs.h", line 424 (col. 37): remark #1531-D: (ULP 5.2) Detected floating point operation(s). Recommend moving them to RAM during run time or not using as these are processing/power intensive
"/Applications/ti/ccs930/ccs/tools/compiler/ti-cgt-arm_18.12.4.LTS/include/_defs.h", line 426 (col. 9): remark #1531-D: (ULP 5.2) Detected floating point operation(s). Recommend moving them to RAM during run time or not using as these are processing/power intensive
"/Applications/ti/ccs930/ccs/tools/compiler/ti-cgt-arm_18.12.4.LTS/include/_defs.h", line 428 (col. 13): remark #1531-D: (ULP 5.2) Detected floating point operation(s). Recommend moving them to RAM during run time or not using as these are processing/power intensive
"/Applications/ti/ccs930/ccs/tools/compiler/ti-cgt-arm_18.12.4.LTS/include/_defs.h", line 432 (col. 9): remark #1531-D: (ULP 5.2) Detected floating point operation(s). Recommend moving them to RAM during run time or not using as these are processing/power intensive
"/Applications/ti/ccs930/ccs/tools/compiler/ti-cgt-arm_18.12.4.LTS/include/_defs.h", line 434 (col. 13): remark #1531-D: (ULP 5.2) Detected floating point operation(s). Recommend moving them to RAM during run time or not using as these are processing/power intensive
"../main.c", line 362 (col. 21): remark #1531-D: (ULP 5.2) Detected floating point operation(s). Recommend moving them to RAM during run time or not using as these are processing/power intensive
"../main.c", line 365 (col. 21): remark #1531-D: (ULP 5.2) Detected floating point operation(s). Recommend moving them to RAM during run time or not using as these are processing/power intensive
"../main.c", line 368 (col. 12): remark #1531-D: (ULP 5.2) Detected floating point operation(s). Recommend moving them to RAM during run time or not using as these are processing/power intensive
"../main.c", line 369 (col. 28): remark #1531-D: (ULP 5.2) Detected floating point operation(s). Recommend moving them to RAM during run time or not using as these are processing/power intensive
"../main.c", line 408 (col. 21): remark #1531-D: (ULP 5.2) Detected floating point operation(s). Recommend moving them to RAM during run time or not using as these are processing/power intensive
"../main.c", line 411 (col. 21): remark #1531-D: (ULP 5.2) Detected floating point operation(s). Recommend moving them to RAM during run time or not using as these are processing/power intensive
"../main.c", line 414 (col. 12): remark #1531-D: (ULP 5.2) Detected floating point operation(s). Recommend moving them to RAM during run time or not using as these are processing/power intensive
"../main.c", line 415 (col. 28): remark #1531-D: (ULP 5.2) Detected floating point operation(s). Recommend moving them to RAM during run time or not using as these are processing/power intensive
"../main.c", line 440 (col. 21): remark #1531-D: (ULP 5.2) Detected floating point operation(s). Recommend moving them to RAM during run time or not using as these are processing/power intensive
"../main.c", line 443 (col. 21): remark #1531-D: (ULP 5.2) Detected floating point operation(s). Recommend moving them to RAM during run time or not using as these are processing/power intensive
"../main.c", line 446 (col. 12): remark #1531-D: (ULP 5.2) Detected floating point operation(s). Recommend moving them to RAM during run time or not using as these are processing/power intensive
"../main.c", line 447 (col. 28): remark #1531-D: (ULP 5.2) Detected floating point operation(s). Recommend moving them to RAM during run time or not using as these are processing/power intensive
"../main.c", line 472 (col. 21): remark #1531-D: (ULP 5.2) Detected floating point operation(s). Recommend moving them to RAM during run time or not using as these are processing/power intensive
"../main.c", line 475 (col. 21): remark #1531-D: (ULP 5.2) Detected floating point operation(s). Recommend moving them to RAM during run time or not using as these are processing/power intensive
"../main.c", line 478 (col. 12): remark #1531-D: (ULP 5.2) Detected floating point operation(s). Recommend moving them to RAM during run time or not using as these are processing/power intensive
"../main.c", line 479 (col. 28): remark #1531-D: (ULP 5.2) Detected floating point operation(s). Recommend moving them to RAM during run time or not using as these are processing/power intensive
Finished building: "../main.c"
 
Building target: "Finalproject.out"
Invoking: ARM Linker
"/Applications/ti/ccs930/ccs/tools/compiler/ti-cgt-arm_18.12.4.LTS/bin/armcl" -mv7M4 --code_state=16 --float_support=FPv4SPD16 -me --advice:power=all --define=__MSP432P401R__ --define=ccs -g --gcc --diag_warning=225 --diag_wrap=off --display_error_number --abi=eabi -z -m"Finalproject.map" --heap_size=1024 --stack_size=512 -i"/Applications/ti/ccs930/ccs/ccs_base/arm/include" -i"/Applications/ti/ccs930/ccs/tools/compiler/ti-cgt-arm_18.12.4.LTS/lib" -i"/Applications/ti/ccs930/ccs/tools/compiler/ti-cgt-arm_18.12.4.LTS/include" --reread_libs --diag_wrap=off --display_error_number --warn_sections --xml_link_info="Finalproject_linkInfo.xml" --rom_model -o "Finalproject.out" "./LCD_Library.obj" "./SysTick_Library.obj" "./main.obj" "./startup_msp432p401r_ccs.obj" "./system_msp432p401r.obj" "../msp432p401r.cmd"  -llibc.a 
<Linking>
remark #10371-D: (ULP 1.1) Detected no uses of low power mode state changing instructions
remark #10372-D: (ULP 4.1) Detected uninitialized Port 3 in this project. Recommend initializing all unused ports to eliminate wasted current consumption on unused pins.
remark #10372-D: (ULP 4.1) Detected uninitialized Port 4 in this project. Recommend initializing all unused ports to eliminate wasted current consumption on unused pins.
remark #10372-D: (ULP 4.1) Detected uninitialized Port 7 in this project. Recommend initializing all unused ports to eliminate wasted current consumption on unused pins.
remark #10372-D: (ULP 4.1) Detected uninitialized Port 8 in this project. Recommend initializing all unused ports to eliminate wasted current consumption on unused pins.
remark #10372-D: (ULP 4.1) Detected uninitialized Port 9 in this project. Recommend initializing all unused ports to eliminate wasted current consumption on unused pins.
remark #10372-D: (ULP 4.1) Detected uninitialized Port 10 in this project. Recommend initializing all unused ports to eliminate wasted current consumption on unused pins.
Finished building target: "Finalproject.out"
 

**** Build Finished ****
